<?xml version="1.0" encoding="UTF-8"?>
<!-- Generated by org.testng.reporters.JUnitReportReporter -->
<testsuite hostname="DESKTOP-EA5FGKH" name="RestAssured.BasicFeatures" tests="1" failures="0" timestamp="1 Nov 2019 18:13:56 GMT" time="4.513" errors="0">
  <testcase name="testlogging" time="4.513" classname="RestAssured.BasicFeatures"/>
</testsuite> <!-- RestAssured.BasicFeatures -->
